{"contracts\\NftMarketplace.sol":{"l":{"58":1,"59":1,"60":0,"62":1,"70":1,"71":1,"72":1,"73":0,"75":1,"79":0,"80":0,"81":0,"83":0,"112":1,"113":0,"117":1,"118":1,"119":0,"121":1,"122":1,"131":0,"133":0,"134":0,"140":0,"143":0,"144":0,"149":0,"157":0,"158":0,"166":0,"167":0,"171":0,"172":0,"173":0,"175":0,"176":0,"177":0,"178":0,"188":0,"192":0},"path":"E:\\Web development\\web3\\nft-marketplace\\hardhat-nft-marketplace\\contracts\\NftMarketplace.sol","s":{"1":1,"2":1,"3":1,"4":1,"5":1,"6":0,"7":0,"8":1,"9":1,"10":1,"11":1,"12":1,"13":0,"14":0,"15":0,"16":0,"17":0,"18":0,"19":0,"20":0,"21":0,"22":0,"23":0,"24":0,"25":0,"26":0,"27":0},"b":{"1":[0,1],"2":[0,1],"3":[0,0],"4":[0,1],"5":[0,1],"6":[0,0],"7":[0,0],"8":[0,0]},"f":{"1":1,"2":1,"3":0,"4":1,"5":0,"6":0,"7":0,"8":0,"9":0,"10":0},"fnMap":{"1":{"name":"notListed","line":53,"loc":{"start":{"line":53,"column":4},"end":{"line":63,"column":4}}},"2":{"name":"isOwner","line":65,"loc":{"start":{"line":65,"column":4},"end":{"line":76,"column":4}}},"3":{"name":"isListed","line":78,"loc":{"start":{"line":78,"column":4},"end":{"line":84,"column":4}}},"4":{"name":"listItem","line":110,"loc":{"start":{"line":103,"column":4},"end":{"line":123,"column":4}}},"5":{"name":"buyItem","line":129,"loc":{"start":{"line":125,"column":4},"end":{"line":150,"column":4}}},"6":{"name":"cancelListing","line":155,"loc":{"start":{"line":152,"column":4},"end":{"line":159,"column":4}}},"7":{"name":"updateListing","line":165,"loc":{"start":{"line":161,"column":4},"end":{"line":168,"column":4}}},"8":{"name":"withdrawProceeds","line":170,"loc":{"start":{"line":170,"column":4},"end":{"line":180,"column":4}}},"9":{"name":"getListing","line":187,"loc":{"start":{"line":187,"column":4},"end":{"line":189,"column":4}}},"10":{"name":"getProceeds","line":191,"loc":{"start":{"line":191,"column":4},"end":{"line":193,"column":4}}}},"statementMap":{"1":{"start":{"line":58,"column":8},"end":{"line":58,"column":64}},"2":{"start":{"line":59,"column":8},"end":{"line":59,"column":1672}},"3":{"start":{"line":70,"column":8},"end":{"line":70,"column":41}},"4":{"start":{"line":71,"column":8},"end":{"line":71,"column":44}},"5":{"start":{"line":72,"column":8},"end":{"line":72,"column":2012}},"6":{"start":{"line":79,"column":8},"end":{"line":79,"column":64}},"7":{"start":{"line":80,"column":8},"end":{"line":80,"column":2253}},"8":{"start":{"line":112,"column":8},"end":{"line":112,"column":3135}},"9":{"start":{"line":117,"column":8},"end":{"line":117,"column":41}},"10":{"start":{"line":118,"column":8},"end":{"line":118,"column":3323}},"11":{"start":{"line":121,"column":8},"end":{"line":121,"column":67}},"12":{"start":{"line":122,"column":8},"end":{"line":122,"column":63}},"13":{"start":{"line":131,"column":8},"end":{"line":131,"column":67}},"14":{"start":{"line":133,"column":8},"end":{"line":133,"column":3836}},"15":{"start":{"line":140,"column":8},"end":{"line":140,"column":4057}},"16":{"start":{"line":144,"column":8},"end":{"line":144,"column":4206}},"17":{"start":{"line":149,"column":8},"end":{"line":149,"column":74}},"18":{"start":{"line":158,"column":8},"end":{"line":158,"column":58}},"19":{"start":{"line":166,"column":8},"end":{"line":166,"column":55}},"20":{"start":{"line":167,"column":8},"end":{"line":167,"column":63}},"21":{"start":{"line":171,"column":8},"end":{"line":171,"column":50}},"22":{"start":{"line":172,"column":8},"end":{"line":172,"column":5156}},"23":{"start":{"line":175,"column":8},"end":{"line":175,"column":33}},"24":{"start":{"line":176,"column":8},"end":{"line":176,"column":70}},"25":{"start":{"line":177,"column":8},"end":{"line":177,"column":5356}},"26":{"start":{"line":188,"column":8},"end":{"line":188,"column":46}},"27":{"start":{"line":192,"column":8},"end":{"line":192,"column":33}}},"branchMap":{"1":{"line":59,"type":"if","locations":[{"start":{"line":59,"column":8},"end":{"line":59,"column":8}},{"start":{"line":59,"column":8},"end":{"line":59,"column":8}}]},"2":{"line":72,"type":"if","locations":[{"start":{"line":72,"column":8},"end":{"line":72,"column":8}},{"start":{"line":72,"column":8},"end":{"line":72,"column":8}}]},"3":{"line":80,"type":"if","locations":[{"start":{"line":80,"column":8},"end":{"line":80,"column":8}},{"start":{"line":80,"column":8},"end":{"line":80,"column":8}}]},"4":{"line":112,"type":"if","locations":[{"start":{"line":112,"column":8},"end":{"line":112,"column":8}},{"start":{"line":112,"column":8},"end":{"line":112,"column":8}}]},"5":{"line":118,"type":"if","locations":[{"start":{"line":118,"column":8},"end":{"line":118,"column":8}},{"start":{"line":118,"column":8},"end":{"line":118,"column":8}}]},"6":{"line":133,"type":"if","locations":[{"start":{"line":133,"column":8},"end":{"line":133,"column":8}},{"start":{"line":133,"column":8},"end":{"line":133,"column":8}}]},"7":{"line":172,"type":"if","locations":[{"start":{"line":172,"column":8},"end":{"line":172,"column":8}},{"start":{"line":172,"column":8},"end":{"line":172,"column":8}}]},"8":{"line":177,"type":"if","locations":[{"start":{"line":177,"column":8},"end":{"line":177,"column":8}},{"start":{"line":177,"column":8},"end":{"line":177,"column":8}}]}}},"contracts\\test\\BasicNft.sol":{"l":{"14":3,"18":1,"19":1,"20":1,"24":0,"25":0,"29":0},"path":"E:\\Web development\\web3\\nft-marketplace\\hardhat-nft-marketplace\\contracts\\test\\BasicNft.sol","s":{"1":3,"2":1,"3":1,"4":1,"5":0,"6":0,"7":0},"b":{"1":[0,0]},"f":{"1":3,"2":1,"3":0,"4":0},"fnMap":{"1":{"name":"constructor","line":13,"loc":{"start":{"line":13,"column":4},"end":{"line":15,"column":4}}},"2":{"name":"mintNft","line":17,"loc":{"start":{"line":17,"column":4},"end":{"line":21,"column":4}}},"3":{"name":"tokenURI","line":23,"loc":{"start":{"line":23,"column":4},"end":{"line":26,"column":4}}},"4":{"name":"getTokenCounter","line":28,"loc":{"start":{"line":28,"column":4},"end":{"line":30,"column":4}}}},"statementMap":{"1":{"start":{"line":14,"column":8},"end":{"line":14,"column":25}},"2":{"start":{"line":18,"column":8},"end":{"line":18,"column":44}},"3":{"start":{"line":19,"column":8},"end":{"line":19,"column":38}},"4":{"start":{"line":20,"column":8},"end":{"line":20,"column":42}},"5":{"start":{"line":24,"column":8},"end":{"line":24,"column":83}},"6":{"start":{"line":25,"column":8},"end":{"line":25,"column":24}},"7":{"start":{"line":29,"column":8},"end":{"line":29,"column":29}}},"branchMap":{"1":{"line":24,"type":"if","locations":[{"start":{"line":24,"column":8},"end":{"line":24,"column":8}},{"start":{"line":24,"column":8},"end":{"line":24,"column":8}}]}}}}